<?xml version="1.0" encoding="UTF-8"?>
<testng-results ignored="0" total="2" passed="2" failed="0" skipped="0">
  <reporter-output>
  </reporter-output>
  <suite started-at="2024-08-31T15:07:30 IST" name="Default suite" finished-at="2024-08-31T15:07:38 IST" duration-ms="8366">
    <groups>
    </groups>
    <test started-at="2024-08-31T15:07:30 IST" name="Default test" finished-at="2024-08-31T15:07:38 IST" duration-ms="8366">
      <class name="socail.Dummy">
        <test-method signature="test1()[pri:0, instance:socail.Dummy@795f8317]" started-at="2024-08-31T15:07:30 IST" name="test1" finished-at="2024-08-31T15:07:34 IST" duration-ms="4597" status="PASS">
          <reporter-output>
          </reporter-output>
        </test-method> <!-- test1 -->
        <test-method signature="test2()[pri:0, instance:socail.Dummy@795f8317]" started-at="2024-08-31T15:07:34 IST" name="test2" finished-at="2024-08-31T15:07:38 IST" duration-ms="3440" status="PASS">
          <reporter-output>
          </reporter-output>
        </test-method> <!-- test2 -->
      </class> <!-- socail.Dummy -->
    </test> <!-- Default test -->
  </suite> <!-- Default suite -->
</testng-results>
